2025-10-02 15:59:53,139 - INFO - Testing connection...
2025-10-02 16:03:57,776 - INFO - Testing connection...
2025-10-02 16:03:57,778 - INFO - Connecting to 100.96.214.80:27017...
2025-10-02 16:03:57,782 - INFO - Testing ping...
2025-10-02 16:03:57,819 - INFO - Accessing database 'PDV'...
2025-10-02 16:03:57,820 - INFO - Getting collections...
2025-10-02 16:03:57,828 - INFO - Found 42 collections
2025-10-02 16:04:07,868 - INFO - Error getting count for ParameterRecordHistory: 100.96.214.80:27017: timed out (configured timeouts: socketTimeoutMS: 5000.0ms, connectTimeoutMS: 5000.0ms)
2025-10-02 16:04:27,863 - INFO - Error getting count for ParameterValues: 100.96.214.80:27017: timed out (configured timeouts: socketTimeoutMS: 5000.0ms, connectTimeoutMS: 5000.0ms)
2025-10-02 16:06:58,229 - INFO - Testing connection...
2025-10-02 16:06:58,232 - INFO - Connecting to 100.96.214.80:27017...
2025-10-02 16:06:58,238 - INFO - Testing ping...
2025-10-02 16:06:58,296 - INFO - Accessing database 'PDV'...
2025-10-02 16:06:58,297 - INFO - Getting collections...
2025-10-02 16:06:58,302 - INFO - Found 42 collections
2025-10-02 16:07:08,323 - INFO - Error getting count for ParameterRecordHistory: 100.96.214.80:27017: timed out (configured timeouts: socketTimeoutMS: 5000.0ms, connectTimeoutMS: 5000.0ms)
2025-10-02 16:07:28,347 - INFO - Error getting count for ParameterValues: 100.96.214.80:27017: timed out (configured timeouts: socketTimeoutMS: 5000.0ms, connectTimeoutMS: 5000.0ms)
2025-10-02 16:08:06,401 - INFO - Selected backup directory: C:/Users/DavidGarcía/Desktop
2025-10-02 16:11:13,164 - INFO - Testing connection...
2025-10-02 16:11:13,166 - INFO - Please enter IP address and database name
2025-10-02 16:11:13,212 - INFO - Testing connection...
2025-10-02 16:11:13,216 - INFO - Please enter IP address and database name
2025-10-02 16:11:28,710 - INFO - Testing connection...
2025-10-02 16:11:28,714 - INFO - Connecting to 100.96.214.80:27017...
2025-10-02 16:11:28,718 - INFO - Testing ping...
2025-10-02 16:11:28,782 - INFO - Accessing database 'PDV'...
2025-10-02 16:11:28,782 - INFO - Getting collections...
2025-10-02 16:11:28,790 - INFO - Found 42 collections
2025-10-02 16:11:38,840 - INFO - Error getting count for ParameterRecordHistory: 100.96.214.80:27017: timed out (configured timeouts: socketTimeoutMS: 5000.0ms, connectTimeoutMS: 5000.0ms)
2025-10-02 16:11:58,751 - INFO - Error getting count for ParameterValues: 100.96.214.80:27017: timed out (configured timeouts: socketTimeoutMS: 5000.0ms, connectTimeoutMS: 5000.0ms)
2025-10-02 16:11:58,827 - INFO - Connected successfully! Found 42 collections
2025-10-02 16:12:21,565 - INFO - Backing up SoftwareVersions...
2025-10-02 16:12:21,579 - INFO - Successfully backed up SoftwareVersions
2025-10-02 16:12:21,581 - INFO - Backing up ToolBuilder...
2025-10-02 16:12:21,616 - INFO - Successfully backed up ToolBuilder
2025-10-02 16:12:21,619 - INFO - Backing up RuntimeState...
2025-10-02 16:12:21,632 - INFO - Successfully backed up RuntimeState
2025-10-02 16:12:21,632 - INFO - Backing up WellpadShifts...
2025-10-02 16:12:21,636 - INFO - Collection WellpadShifts is empty, skipping
2025-10-02 16:12:21,637 - INFO - Backing up ParameterRecord...
2025-10-02 16:12:21,642 - INFO - Collection ParameterRecord is empty, skipping
2025-10-02 16:12:21,643 - INFO - Backing up ShotPlans...
2025-10-02 16:12:22,182 - INFO - Successfully backed up ShotPlans
2025-10-02 16:12:22,186 - INFO - Backing up TelemetryEvents...
2025-10-02 16:12:22,191 - INFO - Collection TelemetryEvents is empty, skipping
2025-10-02 16:12:22,192 - INFO - Backing up Casings...
2025-10-02 16:12:22,209 - INFO - Successfully backed up Casings
2025-10-02 16:12:22,211 - INFO - Backing up ManagerState...
2025-10-02 16:12:22,223 - INFO - Successfully backed up ManagerState
2025-10-02 16:12:22,224 - INFO - Backing up ComConfiguration...
2025-10-02 16:12:22,243 - INFO - Successfully backed up ComConfiguration
2025-10-02 16:12:22,244 - INFO - Backing up Wellbores...
2025-10-02 16:12:22,391 - INFO - Successfully backed up Wellbores
2025-10-02 16:12:22,394 - INFO - Backing up Personnel...
2025-10-02 16:12:22,400 - INFO - Collection Personnel is empty, skipping
2025-10-02 16:12:22,401 - INFO - Backing up ParameterValuesLatest...
2025-10-02 16:12:22,411 - INFO - Successfully backed up ParameterValuesLatest
2025-10-02 16:12:22,411 - INFO - Backing up GhostValues...
2025-10-02 16:12:22,492 - INFO - Successfully backed up GhostValues
2025-10-02 16:12:22,497 - INFO - Backing up GhostUploadSessions...
2025-10-02 16:12:22,501 - INFO - Collection GhostUploadSessions is empty, skipping
2025-10-02 16:12:22,503 - INFO - Backing up EmployeeShifts...
2025-10-02 16:12:22,508 - INFO - Collection EmployeeShifts is empty, skipping
2025-10-02 16:12:22,509 - INFO - Backing up SwitchInventory...
2025-10-02 16:12:23,266 - INFO - Successfully backed up SwitchInventory
2025-10-02 16:12:23,268 - INFO - Backing up TelemetryEventsHistory...
2025-10-02 16:12:23,274 - INFO - Collection TelemetryEventsHistory is empty, skipping
2025-10-02 16:12:23,274 - INFO - Backing up Stages...
2025-10-02 16:12:23,529 - INFO - Successfully backed up Stages
2025-10-02 16:12:23,530 - INFO - Backing up Notifications...
2025-10-02 16:12:23,535 - INFO - Collection Notifications is empty, skipping
2025-10-02 16:12:23,535 - INFO - Backing up EventRecord...
2025-10-02 16:12:23,779 - INFO - Successfully backed up EventRecord
2025-10-02 16:12:23,781 - INFO - Backing up ActiveTools...
2025-10-02 16:12:23,794 - INFO - Successfully backed up ActiveTools
2025-10-02 16:12:23,796 - INFO - Backing up StageMetrics...
2025-10-02 16:12:24,003 - INFO - Successfully backed up StageMetrics
2025-10-02 16:12:24,004 - INFO - Backing up Ghosts...
2025-10-02 16:12:24,018 - INFO - Successfully backed up Ghosts
2025-10-02 16:12:24,019 - INFO - Backing up NotificationsAlert...
2025-10-02 16:12:24,023 - INFO - Collection NotificationsAlert is empty, skipping
2025-10-02 16:12:24,025 - INFO - Backing up Cache...
2025-10-02 16:12:24,035 - INFO - Successfully backed up Cache
2025-10-02 16:12:24,036 - INFO - Backing up SchemaMigrations...
2025-10-02 16:12:24,049 - INFO - Successfully backed up SchemaMigrations
2025-10-02 16:12:24,050 - INFO - Backing up WellPads...
2025-10-02 16:12:24,063 - INFO - Successfully backed up WellPads
2025-10-02 16:12:24,063 - INFO - Backing up EquipmentAssigned...
2025-10-02 16:12:24,075 - INFO - Successfully backed up EquipmentAssigned
2025-10-02 16:12:24,077 - INFO - Backing up WellsiteRepresentatives...
2025-10-02 16:12:24,083 - INFO - Collection WellsiteRepresentatives is empty, skipping
2025-10-02 16:12:24,083 - INFO - Backing up StageTypes...
2025-10-02 16:12:24,094 - INFO - Successfully backed up StageTypes
2025-10-02 16:12:24,096 - INFO - Backing up Equipments...
2025-10-02 16:12:24,116 - INFO - Successfully backed up Equipments
2025-10-02 16:12:24,118 - INFO - Backing up Wells...
2025-10-02 16:12:24,135 - INFO - Successfully backed up Wells
2025-10-02 16:12:24,136 - INFO - Backing up Points...
2025-10-02 16:12:24,149 - INFO - Successfully backed up Points
2025-10-02 16:12:24,151 - INFO - Backing up GhostFileData...
2025-10-02 16:12:24,162 - INFO - Collection GhostFileData is empty, skipping
2025-10-02 16:12:24,162 - INFO - Backing up PersonnelSession...
2025-10-02 16:12:24,168 - INFO - Collection PersonnelSession is empty, skipping
2025-10-02 16:12:24,169 - INFO - Backing up NotificationsPlan...
2025-10-02 16:12:24,176 - INFO - Collection NotificationsPlan is empty, skipping
2025-10-02 16:12:24,176 - INFO - Backing up Dashboard...
2025-10-02 16:12:24,190 - INFO - Successfully backed up Dashboard
2025-10-02 16:12:24,192 - INFO - Backing up EventHistory...
2025-10-02 16:12:24,201 - INFO - Collection EventHistory is empty, skipping
2025-10-02 16:12:24,203 - INFO - Backup completed! 25/39 collections backed up successfully
2025-10-02 16:12:24,204 - INFO - Backup saved to: backups\PDV_20251002_161221
2025-10-02 16:12:29,665 - INFO - Selected backup directory: C:/Users/DavidGarcía/Desktop
2025-10-02 16:12:32,110 - INFO - Backing up SoftwareVersions...
2025-10-02 16:12:32,132 - INFO - Successfully backed up SoftwareVersions
2025-10-02 16:12:32,138 - INFO - Backing up ToolBuilder...
2025-10-02 16:12:32,160 - INFO - Successfully backed up ToolBuilder
2025-10-02 16:12:32,162 - INFO - Backing up RuntimeState...
2025-10-02 16:12:32,190 - INFO - Successfully backed up RuntimeState
2025-10-02 16:12:32,195 - INFO - Backing up WellpadShifts...
2025-10-02 16:12:32,212 - INFO - Collection WellpadShifts is empty, skipping
2025-10-02 16:12:32,214 - INFO - Backing up ParameterRecord...
2025-10-02 16:12:32,220 - INFO - Collection ParameterRecord is empty, skipping
2025-10-02 16:12:32,221 - INFO - Backing up ShotPlans...
2025-10-02 16:12:32,709 - INFO - Successfully backed up ShotPlans
2025-10-02 16:12:32,712 - INFO - Backing up TelemetryEvents...
2025-10-02 16:12:32,722 - INFO - Collection TelemetryEvents is empty, skipping
2025-10-02 16:12:32,723 - INFO - Backing up Casings...
2025-10-02 16:12:32,736 - INFO - Successfully backed up Casings
2025-10-02 16:12:32,738 - INFO - Backing up ManagerState...
2025-10-02 16:12:32,752 - INFO - Successfully backed up ManagerState
2025-10-02 16:12:32,754 - INFO - Backing up ComConfiguration...
2025-10-02 16:12:32,771 - INFO - Successfully backed up ComConfiguration
2025-10-02 16:12:32,773 - INFO - Backing up Wellbores...
2025-10-02 16:12:32,913 - INFO - Successfully backed up Wellbores
2025-10-02 16:12:32,914 - INFO - Backing up Personnel...
2025-10-02 16:12:32,920 - INFO - Collection Personnel is empty, skipping
2025-10-02 16:12:32,921 - INFO - Backing up ParameterValuesLatest...
2025-10-02 16:12:32,933 - INFO - Successfully backed up ParameterValuesLatest
2025-10-02 16:12:32,934 - INFO - Backing up GhostValues...
2025-10-02 16:12:33,015 - INFO - Successfully backed up GhostValues
2025-10-02 16:12:33,016 - INFO - Backing up GhostUploadSessions...
2025-10-02 16:12:33,025 - INFO - Collection GhostUploadSessions is empty, skipping
2025-10-02 16:12:33,025 - INFO - Backing up EmployeeShifts...
2025-10-02 16:12:33,030 - INFO - Collection EmployeeShifts is empty, skipping
2025-10-02 16:12:33,031 - INFO - Backing up SwitchInventory...
2025-10-02 16:12:33,879 - INFO - Successfully backed up SwitchInventory
2025-10-02 16:12:33,880 - INFO - Backing up TelemetryEventsHistory...
2025-10-02 16:12:33,886 - INFO - Collection TelemetryEventsHistory is empty, skipping
2025-10-02 16:12:33,887 - INFO - Backing up Stages...
2025-10-02 16:12:34,178 - INFO - Successfully backed up Stages
2025-10-02 16:12:34,182 - INFO - Backing up Notifications...
2025-10-02 16:12:34,199 - INFO - Collection Notifications is empty, skipping
2025-10-02 16:12:34,200 - INFO - Backing up EventRecord...
2025-10-02 16:12:34,554 - INFO - Successfully backed up EventRecord
2025-10-02 16:12:34,556 - INFO - Backing up ActiveTools...
2025-10-02 16:12:34,575 - INFO - Successfully backed up ActiveTools
2025-10-02 16:12:34,578 - INFO - Backing up StageMetrics...
2025-10-02 16:12:34,881 - INFO - Successfully backed up StageMetrics
2025-10-02 16:12:34,883 - INFO - Backing up Ghosts...
2025-10-02 16:12:34,898 - INFO - Successfully backed up Ghosts
2025-10-02 16:12:34,900 - INFO - Backing up NotificationsAlert...
2025-10-02 16:12:34,907 - INFO - Collection NotificationsAlert is empty, skipping
2025-10-02 16:12:34,908 - INFO - Backing up Cache...
2025-10-02 16:12:34,920 - INFO - Successfully backed up Cache
2025-10-02 16:12:34,922 - INFO - Backing up SchemaMigrations...
2025-10-02 16:12:34,942 - INFO - Successfully backed up SchemaMigrations
2025-10-02 16:12:34,943 - INFO - Backing up WellPads...
2025-10-02 16:12:34,970 - INFO - Successfully backed up WellPads
2025-10-02 16:12:34,973 - INFO - Backing up EquipmentAssigned...
2025-10-02 16:12:34,989 - INFO - Successfully backed up EquipmentAssigned
2025-10-02 16:12:34,994 - INFO - Backing up WellsiteRepresentatives...
2025-10-02 16:12:35,013 - INFO - Collection WellsiteRepresentatives is empty, skipping
2025-10-02 16:12:35,015 - INFO - Backing up StageTypes...
2025-10-02 16:12:35,037 - INFO - Successfully backed up StageTypes
2025-10-02 16:12:35,039 - INFO - Backing up Equipments...
2025-10-02 16:12:35,053 - INFO - Successfully backed up Equipments
2025-10-02 16:12:35,058 - INFO - Backing up Wells...
2025-10-02 16:12:35,080 - INFO - Successfully backed up Wells
2025-10-02 16:12:35,084 - INFO - Backing up Points...
2025-10-02 16:12:35,109 - INFO - Successfully backed up Points
2025-10-02 16:12:35,112 - INFO - Backing up GhostFileData...
2025-10-02 16:12:35,129 - INFO - Collection GhostFileData is empty, skipping
2025-10-02 16:12:35,131 - INFO - Backing up PersonnelSession...
2025-10-02 16:12:35,141 - INFO - Collection PersonnelSession is empty, skipping
2025-10-02 16:12:35,142 - INFO - Backing up NotificationsPlan...
2025-10-02 16:12:35,152 - INFO - Collection NotificationsPlan is empty, skipping
2025-10-02 16:12:35,154 - INFO - Backing up Dashboard...
2025-10-02 16:12:35,168 - INFO - Successfully backed up Dashboard
2025-10-02 16:12:35,171 - INFO - Backing up EventHistory...
2025-10-02 16:12:35,178 - INFO - Collection EventHistory is empty, skipping
2025-10-02 16:12:35,184 - INFO - Backup completed! 25/39 collections backed up successfully
2025-10-02 16:12:35,185 - INFO - Backup saved to: C:\Users\DavidGarcía\Desktop\PDV_20251002_161232
2025-10-02 16:19:00,306 - INFO - Testing connection...
2025-10-02 16:19:00,309 - INFO - Connecting to 100.96.214.80:27017...
2025-10-02 16:19:00,313 - INFO - Testing ping...
2025-10-02 16:19:00,362 - INFO - Accessing database 'PDV'...
2025-10-02 16:19:00,363 - INFO - Getting collections...
2025-10-02 16:19:00,370 - INFO - Found 42 collections
2025-10-02 16:19:10,398 - INFO - Error getting count for ParameterRecordHistory: 100.96.214.80:27017: timed out (configured timeouts: socketTimeoutMS: 5000.0ms, connectTimeoutMS: 5000.0ms)
2025-10-02 16:19:30,457 - INFO - Error getting count for ParameterValues: 100.96.214.80:27017: timed out (configured timeouts: socketTimeoutMS: 5000.0ms, connectTimeoutMS: 5000.0ms)
2025-10-02 16:19:30,528 - INFO - Connected successfully! Found 42 collections
2025-10-02 16:20:05,228 - INFO - Selected backup directory: C:/Users/DavidGarcía/Desktop
2025-10-02 16:20:10,979 - INFO - Backing up SoftwareVersions...
2025-10-02 16:20:10,994 - INFO - Successfully backed up SoftwareVersions
2025-10-02 16:20:10,994 - INFO - Backing up ToolBuilder...
2025-10-02 16:20:11,041 - INFO - Successfully backed up ToolBuilder
2025-10-02 16:20:11,042 - INFO - Backing up RuntimeState...
2025-10-02 16:20:11,063 - INFO - Successfully backed up RuntimeState
2025-10-02 16:20:11,066 - INFO - Backing up WellpadShifts...
2025-10-02 16:20:11,070 - INFO - Collection WellpadShifts is empty, skipping
2025-10-02 16:20:11,070 - INFO - Backing up ParameterRecord...
2025-10-02 16:20:11,073 - INFO - Collection ParameterRecord is empty, skipping
2025-10-02 16:20:11,074 - INFO - Backing up ShotPlans...
2025-10-02 16:20:11,616 - INFO - Successfully backed up ShotPlans
2025-10-02 16:20:11,618 - INFO - Backing up TelemetryEvents...
2025-10-02 16:20:11,624 - INFO - Collection TelemetryEvents is empty, skipping
2025-10-02 16:20:11,624 - INFO - Backing up Casings...
2025-10-02 16:20:11,636 - INFO - Successfully backed up Casings
2025-10-02 16:20:11,639 - INFO - Backing up ManagerState...
2025-10-02 16:20:11,650 - INFO - Successfully backed up ManagerState
2025-10-02 16:20:11,650 - INFO - Backing up ComConfiguration...
2025-10-02 16:20:11,663 - INFO - Successfully backed up ComConfiguration
2025-10-02 16:20:11,665 - INFO - Backing up Wellbores...
2025-10-02 16:20:11,814 - INFO - Successfully backed up Wellbores
2025-10-02 16:20:11,815 - INFO - Backing up Personnel...
2025-10-02 16:20:11,822 - INFO - Collection Personnel is empty, skipping
2025-10-02 16:20:11,823 - INFO - Backing up ParameterValuesLatest...
2025-10-02 16:20:11,833 - INFO - Successfully backed up ParameterValuesLatest
2025-10-02 16:20:11,836 - INFO - Backing up GhostValues...
2025-10-02 16:20:11,919 - INFO - Successfully backed up GhostValues
2025-10-02 16:20:11,921 - INFO - Backing up GhostUploadSessions...
2025-10-02 16:20:11,927 - INFO - Collection GhostUploadSessions is empty, skipping
2025-10-02 16:20:11,927 - INFO - Backing up EmployeeShifts...
2025-10-02 16:20:11,933 - INFO - Collection EmployeeShifts is empty, skipping
2025-10-02 16:20:11,934 - INFO - Backing up SwitchInventory...
2025-10-02 16:20:12,712 - INFO - Successfully backed up SwitchInventory
2025-10-02 16:20:12,714 - INFO - Backing up TelemetryEventsHistory...
2025-10-02 16:20:12,720 - INFO - Collection TelemetryEventsHistory is empty, skipping
2025-10-02 16:20:12,720 - INFO - Backing up Stages...
2025-10-02 16:20:12,997 - INFO - Successfully backed up Stages
2025-10-02 16:20:12,999 - INFO - Backing up Notifications...
2025-10-02 16:20:13,008 - INFO - Collection Notifications is empty, skipping
2025-10-02 16:20:13,008 - INFO - Backing up EventRecord...
2025-10-02 16:20:13,318 - INFO - Successfully backed up EventRecord
2025-10-02 16:20:13,320 - INFO - Backing up ActiveTools...
2025-10-02 16:20:13,332 - INFO - Successfully backed up ActiveTools
2025-10-02 16:20:13,334 - INFO - Backing up StageMetrics...
2025-10-02 16:20:13,559 - INFO - Successfully backed up StageMetrics
2025-10-02 16:20:13,560 - INFO - Backing up Ghosts...
2025-10-02 16:20:13,574 - INFO - Successfully backed up Ghosts
2025-10-02 16:20:13,576 - INFO - Backing up NotificationsAlert...
2025-10-02 16:20:13,582 - INFO - Collection NotificationsAlert is empty, skipping
2025-10-02 16:20:13,582 - INFO - Backing up Cache...
2025-10-02 16:20:13,593 - INFO - Successfully backed up Cache
2025-10-02 16:20:13,593 - INFO - Backing up SchemaMigrations...
2025-10-02 16:20:13,609 - INFO - Successfully backed up SchemaMigrations
2025-10-02 16:20:13,609 - INFO - Backing up WellPads...
2025-10-02 16:20:13,626 - INFO - Successfully backed up WellPads
2025-10-02 16:20:13,628 - INFO - Backing up EquipmentAssigned...
2025-10-02 16:20:13,639 - INFO - Successfully backed up EquipmentAssigned
2025-10-02 16:20:13,640 - INFO - Backing up WellsiteRepresentatives...
2025-10-02 16:20:13,650 - INFO - Collection WellsiteRepresentatives is empty, skipping
2025-10-02 16:20:13,650 - INFO - Backing up StageTypes...
2025-10-02 16:20:13,662 - INFO - Successfully backed up StageTypes
2025-10-02 16:20:13,663 - INFO - Backing up Equipments...
2025-10-02 16:20:13,675 - INFO - Successfully backed up Equipments
2025-10-02 16:20:13,677 - INFO - Backing up Wells...
2025-10-02 16:20:13,690 - INFO - Successfully backed up Wells
2025-10-02 16:20:13,691 - INFO - Backing up Points...
2025-10-02 16:20:13,707 - INFO - Successfully backed up Points
2025-10-02 16:20:13,707 - INFO - Backing up GhostFileData...
2025-10-02 16:20:13,714 - INFO - Collection GhostFileData is empty, skipping
2025-10-02 16:20:13,715 - INFO - Backing up PersonnelSession...
2025-10-02 16:20:13,720 - INFO - Collection PersonnelSession is empty, skipping
2025-10-02 16:20:13,721 - INFO - Backing up NotificationsPlan...
2025-10-02 16:20:13,726 - INFO - Collection NotificationsPlan is empty, skipping
2025-10-02 16:20:13,728 - INFO - Backing up Dashboard...
2025-10-02 16:20:13,742 - INFO - Successfully backed up Dashboard
2025-10-02 16:20:13,743 - INFO - Backing up EventHistory...
2025-10-02 16:20:13,747 - INFO - Collection EventHistory is empty, skipping
2025-10-02 16:20:13,750 - INFO - Backup completed! 25/39 collections backed up successfully
2025-10-02 16:20:13,750 - INFO - Backup saved to: C:\Users\DavidGarcía\Desktop\PDV_20251002_162010
2025-10-02 16:20:13,751 - INFO - Data types preserved using MongoDB Extended JSON format
2025-10-02 16:24:37,940 - INFO - Testing connection...
2025-10-02 16:24:37,942 - INFO - Connecting to 100.96.214.80:27017...
2025-10-02 16:24:37,947 - INFO - Testing ping...
2025-10-02 16:24:37,993 - INFO - Accessing database 'PDV'...
2025-10-02 16:24:37,994 - INFO - Getting collections...
2025-10-02 16:24:38,001 - INFO - Found 42 collections
2025-10-02 16:24:48,052 - INFO - Error getting count for ParameterRecordHistory: 100.96.214.80:27017: timed out (configured timeouts: socketTimeoutMS: 5000.0ms, connectTimeoutMS: 5000.0ms)
2025-10-02 16:25:07,956 - INFO - Error getting count for ParameterValues: 100.96.214.80:27017: timed out (configured timeouts: socketTimeoutMS: 5000.0ms, connectTimeoutMS: 5000.0ms)
2025-10-02 16:25:08,025 - INFO - Connected successfully! Found 42 collections
2025-10-02 16:25:28,837 - INFO - Selected backup directory: C:/Users/DavidGarcía/Desktop
2025-10-02 16:25:31,735 - INFO - Backing up SoftwareVersions...
2025-10-02 16:25:31,746 - INFO - Successfully backed up SoftwareVersions
2025-10-02 16:25:31,747 - INFO - Backing up ToolBuilder...
2025-10-02 16:25:31,778 - INFO - Successfully backed up ToolBuilder
2025-10-02 16:25:31,778 - INFO - Backing up RuntimeState...
2025-10-02 16:25:31,810 - INFO - Successfully backed up RuntimeState
2025-10-02 16:25:31,811 - INFO - Backing up WellpadShifts...
2025-10-02 16:25:31,819 - INFO - Collection WellpadShifts is empty, skipping
2025-10-02 16:25:31,819 - INFO - Backing up ParameterRecord...
2025-10-02 16:25:31,827 - INFO - Collection ParameterRecord is empty, skipping
2025-10-02 16:25:31,827 - INFO - Backing up ShotPlans...
2025-10-02 16:25:32,411 - INFO - Successfully backed up ShotPlans
2025-10-02 16:25:32,412 - INFO - Backing up TelemetryEvents...
2025-10-02 16:25:32,422 - INFO - Collection TelemetryEvents is empty, skipping
2025-10-02 16:25:32,424 - INFO - Backing up Casings...
2025-10-02 16:25:32,451 - INFO - Successfully backed up Casings
2025-10-02 16:25:32,452 - INFO - Backing up ManagerState...
2025-10-02 16:25:32,468 - INFO - Successfully backed up ManagerState
2025-10-02 16:25:32,477 - INFO - Backing up ComConfiguration...
2025-10-02 16:25:32,489 - INFO - Successfully backed up ComConfiguration
2025-10-02 16:25:32,491 - INFO - Backing up Wellbores...
2025-10-02 16:25:32,651 - INFO - Successfully backed up Wellbores
2025-10-02 16:25:32,653 - INFO - Backing up Personnel...
2025-10-02 16:25:32,658 - INFO - Collection Personnel is empty, skipping
2025-10-02 16:25:32,659 - INFO - Backing up ParameterValuesLatest...
2025-10-02 16:25:32,671 - INFO - Successfully backed up ParameterValuesLatest
2025-10-02 16:25:32,672 - INFO - Backing up GhostValues...
2025-10-02 16:25:32,760 - INFO - Successfully backed up GhostValues
2025-10-02 16:25:32,762 - INFO - Backing up GhostUploadSessions...
2025-10-02 16:25:32,768 - INFO - Collection GhostUploadSessions is empty, skipping
2025-10-02 16:25:32,769 - INFO - Backing up EmployeeShifts...
2025-10-02 16:25:32,774 - INFO - Collection EmployeeShifts is empty, skipping
2025-10-02 16:25:32,776 - INFO - Backing up SwitchInventory...
2025-10-02 16:25:33,578 - INFO - Successfully backed up SwitchInventory
2025-10-02 16:25:33,581 - INFO - Backing up TelemetryEventsHistory...
2025-10-02 16:25:33,586 - INFO - Collection TelemetryEventsHistory is empty, skipping
2025-10-02 16:25:33,587 - INFO - Backing up Stages...
2025-10-02 16:25:33,924 - INFO - Successfully backed up Stages
2025-10-02 16:25:33,925 - INFO - Backing up Notifications...
2025-10-02 16:25:33,933 - INFO - Collection Notifications is empty, skipping
2025-10-02 16:25:33,934 - INFO - Backing up EventRecord...
2025-10-02 16:25:34,250 - INFO - Successfully backed up EventRecord
2025-10-02 16:25:34,252 - INFO - Backing up ActiveTools...
2025-10-02 16:25:34,265 - INFO - Successfully backed up ActiveTools
2025-10-02 16:25:34,266 - INFO - Backing up StageMetrics...
2025-10-02 16:25:34,524 - INFO - Successfully backed up StageMetrics
2025-10-02 16:25:34,525 - INFO - Backing up Ghosts...
2025-10-02 16:25:34,536 - INFO - Successfully backed up Ghosts
2025-10-02 16:25:34,538 - INFO - Backing up NotificationsAlert...
2025-10-02 16:25:34,542 - INFO - Collection NotificationsAlert is empty, skipping
2025-10-02 16:25:34,543 - INFO - Backing up Cache...
2025-10-02 16:25:34,556 - INFO - Successfully backed up Cache
2025-10-02 16:25:34,557 - INFO - Backing up SchemaMigrations...
2025-10-02 16:25:34,566 - INFO - Successfully backed up SchemaMigrations
2025-10-02 16:25:34,567 - INFO - Backing up WellPads...
2025-10-02 16:25:34,581 - INFO - Successfully backed up WellPads
2025-10-02 16:25:34,582 - INFO - Backing up EquipmentAssigned...
2025-10-02 16:25:34,596 - INFO - Successfully backed up EquipmentAssigned
2025-10-02 16:25:34,597 - INFO - Backing up WellsiteRepresentatives...
2025-10-02 16:25:34,603 - INFO - Collection WellsiteRepresentatives is empty, skipping
2025-10-02 16:25:34,603 - INFO - Backing up StageTypes...
2025-10-02 16:25:34,615 - INFO - Successfully backed up StageTypes
2025-10-02 16:25:34,617 - INFO - Backing up Equipments...
2025-10-02 16:25:34,628 - INFO - Successfully backed up Equipments
2025-10-02 16:25:34,629 - INFO - Backing up Wells...
2025-10-02 16:25:34,641 - INFO - Successfully backed up Wells
2025-10-02 16:25:34,642 - INFO - Backing up Points...
2025-10-02 16:25:34,657 - INFO - Successfully backed up Points
2025-10-02 16:25:34,659 - INFO - Backing up GhostFileData...
2025-10-02 16:25:34,667 - INFO - Collection GhostFileData is empty, skipping
2025-10-02 16:25:34,668 - INFO - Backing up PersonnelSession...
2025-10-02 16:25:34,672 - INFO - Collection PersonnelSession is empty, skipping
2025-10-02 16:25:34,674 - INFO - Backing up NotificationsPlan...
2025-10-02 16:25:34,681 - INFO - Collection NotificationsPlan is empty, skipping
2025-10-02 16:25:34,683 - INFO - Backing up Dashboard...
2025-10-02 16:25:34,695 - INFO - Successfully backed up Dashboard
2025-10-02 16:25:34,697 - INFO - Backing up EventHistory...
2025-10-02 16:25:34,702 - INFO - Collection EventHistory is empty, skipping
2025-10-02 16:25:34,704 - INFO - Backup completed! 25/39 collections backed up successfully
2025-10-02 16:25:34,704 - INFO - Backup saved to: C:\Users\DavidGarcía\Desktop\PDV_100_96_214_80_20251002_162531
2025-10-02 16:32:48,513 - INFO - Testing connection...
2025-10-02 16:32:48,516 - INFO - Connecting to 100.96.214.80:27017...
2025-10-02 16:32:48,521 - INFO - Testing ping...
2025-10-02 16:32:48,546 - INFO - Accessing database 'PDV'...
2025-10-02 16:32:48,547 - INFO - Getting collections...
2025-10-02 16:32:48,552 - INFO - Found 42 collections
2025-10-02 16:32:58,607 - INFO - Error getting count for ParameterRecordHistory: 100.96.214.80:27017: timed out (configured timeouts: socketTimeoutMS: 5000.0ms, connectTimeoutMS: 5000.0ms)
2025-10-02 16:33:18,684 - INFO - Error getting count for ParameterValues: 100.96.214.80:27017: timed out (configured timeouts: socketTimeoutMS: 5000.0ms, connectTimeoutMS: 5000.0ms)
2025-10-02 16:33:18,781 - INFO - Connected successfully! Found 42 collections
2025-10-02 16:33:39,572 - INFO - Selected backup directory: C:/Users/DavidGarcía/Desktop
2025-10-02 16:33:42,834 - INFO - Backing up SoftwareVersions...
2025-10-02 16:33:42,850 - INFO - Successfully backed up SoftwareVersions
2025-10-02 16:33:42,850 - INFO - Backing up ToolBuilder...
2025-10-02 16:33:42,889 - INFO - Successfully backed up ToolBuilder
2025-10-02 16:33:42,890 - INFO - Backing up RuntimeState...
2025-10-02 16:33:42,901 - INFO - Successfully backed up RuntimeState
2025-10-02 16:33:42,902 - INFO - Backing up WellpadShifts...
2025-10-02 16:33:42,907 - INFO - Collection WellpadShifts is empty, skipping
2025-10-02 16:33:42,907 - INFO - Backing up ParameterRecord...
2025-10-02 16:33:42,913 - INFO - Collection ParameterRecord is empty, skipping
2025-10-02 16:33:42,913 - INFO - Backing up ShotPlans...
2025-10-02 16:33:43,439 - INFO - Successfully backed up ShotPlans
2025-10-02 16:33:43,440 - INFO - Backing up TelemetryEvents...
2025-10-02 16:33:43,447 - INFO - Collection TelemetryEvents is empty, skipping
2025-10-02 16:33:43,448 - INFO - Backing up Casings...
2025-10-02 16:33:43,460 - INFO - Successfully backed up Casings
2025-10-02 16:33:43,461 - INFO - Backing up ManagerState...
2025-10-02 16:33:43,470 - INFO - Successfully backed up ManagerState
2025-10-02 16:33:43,471 - INFO - Backing up ComConfiguration...
2025-10-02 16:33:43,498 - INFO - Successfully backed up ComConfiguration
2025-10-02 16:33:43,499 - INFO - Backing up Wellbores...
2025-10-02 16:33:43,637 - INFO - Successfully backed up Wellbores
2025-10-02 16:33:43,638 - INFO - Backing up Personnel...
2025-10-02 16:33:43,644 - INFO - Collection Personnel is empty, skipping
2025-10-02 16:33:43,645 - INFO - Backing up ParameterValuesLatest...
2025-10-02 16:33:43,653 - INFO - Successfully backed up ParameterValuesLatest
2025-10-02 16:33:43,653 - INFO - Backing up GhostValues...
2025-10-02 16:33:43,738 - INFO - Successfully backed up GhostValues
2025-10-02 16:33:43,739 - INFO - Backing up GhostUploadSessions...
2025-10-02 16:33:43,747 - INFO - Collection GhostUploadSessions is empty, skipping
2025-10-02 16:33:43,748 - INFO - Backing up EmployeeShifts...
2025-10-02 16:33:43,753 - INFO - Collection EmployeeShifts is empty, skipping
2025-10-02 16:33:43,754 - INFO - Backing up SwitchInventory...
2025-10-02 16:33:44,631 - INFO - Successfully backed up SwitchInventory
2025-10-02 16:33:44,633 - INFO - Backing up TelemetryEventsHistory...
2025-10-02 16:33:44,639 - INFO - Collection TelemetryEventsHistory is empty, skipping
2025-10-02 16:33:44,639 - INFO - Backing up Stages...
2025-10-02 16:33:44,928 - INFO - Successfully backed up Stages
2025-10-02 16:33:44,931 - INFO - Backing up Notifications...
2025-10-02 16:33:44,937 - INFO - Collection Notifications is empty, skipping
2025-10-02 16:33:44,938 - INFO - Backing up EventRecord...
2025-10-02 16:33:45,237 - INFO - Successfully backed up EventRecord
2025-10-02 16:33:45,238 - INFO - Backing up ActiveTools...
2025-10-02 16:33:45,249 - INFO - Successfully backed up ActiveTools
2025-10-02 16:33:45,250 - INFO - Backing up StageMetrics...
2025-10-02 16:33:45,480 - INFO - Successfully backed up StageMetrics
2025-10-02 16:33:45,482 - INFO - Backing up Ghosts...
2025-10-02 16:33:45,493 - INFO - Successfully backed up Ghosts
2025-10-02 16:33:45,494 - INFO - Backing up NotificationsAlert...
2025-10-02 16:33:45,499 - INFO - Collection NotificationsAlert is empty, skipping
2025-10-02 16:33:45,500 - INFO - Backing up Cache...
2025-10-02 16:33:45,510 - INFO - Successfully backed up Cache
2025-10-02 16:33:45,512 - INFO - Backing up SchemaMigrations...
2025-10-02 16:33:45,520 - INFO - Successfully backed up SchemaMigrations
2025-10-02 16:33:45,521 - INFO - Backing up WellPads...
2025-10-02 16:33:45,534 - INFO - Successfully backed up WellPads
2025-10-02 16:33:45,536 - INFO - Backing up EquipmentAssigned...
2025-10-02 16:33:45,548 - INFO - Successfully backed up EquipmentAssigned
2025-10-02 16:33:45,549 - INFO - Backing up WellsiteRepresentatives...
2025-10-02 16:33:45,553 - INFO - Collection WellsiteRepresentatives is empty, skipping
2025-10-02 16:33:45,553 - INFO - Backing up StageTypes...
2025-10-02 16:33:45,564 - INFO - Successfully backed up StageTypes
2025-10-02 16:33:45,565 - INFO - Backing up Equipments...
2025-10-02 16:33:45,575 - INFO - Successfully backed up Equipments
2025-10-02 16:33:45,577 - INFO - Backing up Wells...
2025-10-02 16:33:45,592 - INFO - Successfully backed up Wells
2025-10-02 16:33:45,594 - INFO - Backing up Points...
2025-10-02 16:33:45,607 - INFO - Successfully backed up Points
2025-10-02 16:33:45,608 - INFO - Backing up GhostFileData...
2025-10-02 16:33:45,613 - INFO - Collection GhostFileData is empty, skipping
2025-10-02 16:33:45,613 - INFO - Backing up PersonnelSession...
2025-10-02 16:33:45,618 - INFO - Collection PersonnelSession is empty, skipping
2025-10-02 16:33:45,618 - INFO - Backing up NotificationsPlan...
2025-10-02 16:33:45,624 - INFO - Collection NotificationsPlan is empty, skipping
2025-10-02 16:33:45,624 - INFO - Backing up Dashboard...
2025-10-02 16:33:45,634 - INFO - Successfully backed up Dashboard
2025-10-02 16:33:45,636 - INFO - Backing up EventHistory...
2025-10-02 16:33:45,650 - INFO - Collection EventHistory is empty, skipping
2025-10-02 16:33:45,651 - INFO - Backup completed! 25/39 collections backed up successfully
2025-10-02 16:33:45,652 - INFO - Backup saved to: C:\Users\DavidGarcía\Desktop\PDV_100_96_214_80_20251002_163342
